<?xml version="1.0" encoding="UTF-8"?>
<testsuite xmlns:xsi="http://www.w3.org/2001/XMLSchema-instance" xsi:noNamespaceSchemaLocation="https://maven.apache.org/surefire/maven-surefire-plugin/xsd/surefire-test-report-3.0.xsd" version="3.0" name="CafeSimulatorTest" time="0.139" tests="5" errors="0" skipped="0" failures="0">
  <properties>
[...]
</properties>
  <testcase name="baristaConsumesInventoryWhenAddingIngredients" classname="CafeSimulatorTest" time="0.057">
    <system-out><![CDATA[Added COFFEE
]]></system-out>
  </testcase>
  <testcase name="drinkReflectsSizeForPriceAndCalories" classname="CafeSimulatorTest" time="0.012"/>
  <testcase name="recipeBookIdentifiesLatte" classname="CafeSimulatorTest" time="0.0"/>
  <testcase name="servingOrderCompletesAndDequeues" classname="CafeSimulatorTest" time="0.02">
    <system-out><![CDATA[Added COFFEE
Added MILK
Serving Latte to Tester...
// Great
No tip received
Price: 147.00========== RECEPIT ==========
Order ID: #1
Customer: Tester
-----------------------------
Item:        Medium Latte
Price:       Php147.00
Calories:    135 kcal
----------------------------
Status:      Completed
============================

]]></system-out>
  </testcase>
  <testcase name="spawnCustomerAddsOrderToQueue" classname="CafeSimulatorTest" time="0.013"/>
</testsuite>